SF:C:\Users\julie\source\repos\Anjgg\Project_7\P7CreateRestApi\Services\AuthenticationService.cs
FN:24,System.ValueTuple`2<System.String,System.DateTime> P7CreateRestApi.Services.AuthenticationService::GenerateJwtToken(P7CreateRestApi.Domain.User,System.Collections.Generic.List`1<System.String>)
FNDA:0,System.ValueTuple`2<System.String,System.DateTime> P7CreateRestApi.Services.AuthenticationService::GenerateJwtToken(P7CreateRestApi.Domain.User,System.Collections.Generic.List`1<System.String>)
DA:25,0
DA:26,0
DA:27,0
DA:29,0
DA:30,0
DA:31,0
DA:32,0
DA:33,0
DA:34,0
DA:36,0
DA:37,0
DA:38,0
DA:39,0
DA:40,0
DA:42,0
DA:44,0
DA:45,0
DA:46,0
DA:47,0
DA:48,0
DA:49,0
DA:50,0
DA:52,0
DA:54,0
DA:55,0
BRDA:29,81,0,0
BRDA:29,81,1,0
BRDA:36,186,1,0
BRDA:36,186,0,0
FN:18,System.Void P7CreateRestApi.Services.AuthenticationService::.ctor(Microsoft.Extensions.Options.IOptions`1<P7CreateRestApi.Services.JwtOptions>)
FNDA:0,System.Void P7CreateRestApi.Services.AuthenticationService::.ctor(Microsoft.Extensions.Options.IOptions`1<P7CreateRestApi.Services.JwtOptions>)
DA:19,0
DA:20,0
DA:21,0
DA:22,0
FN:59,System.String P7CreateRestApi.Services.JwtOptions::get_Key()
FNDA:0,System.String P7CreateRestApi.Services.JwtOptions::get_Key()
DA:60,0
FN:60,System.String P7CreateRestApi.Services.JwtOptions::get_Issuer()
FNDA:0,System.String P7CreateRestApi.Services.JwtOptions::get_Issuer()
DA:61,0
FN:61,System.String P7CreateRestApi.Services.JwtOptions::get_Audience()
FNDA:0,System.String P7CreateRestApi.Services.JwtOptions::get_Audience()
DA:62,0
FN:62,System.Int32 P7CreateRestApi.Services.JwtOptions::get_ExpiryMinutes()
FNDA:0,System.Int32 P7CreateRestApi.Services.JwtOptions::get_ExpiryMinutes()
DA:63,0
LF:33
LH:0
BRF:4
BRH:0
FNF:6
FNH:0
end_of_record
SF:C:\Users\julie\source\repos\Anjgg\Project_7\P7CreateRestApi\Services\BidService.cs
FN:30,System.Collections.Generic.List`1<P7CreateRestApi.Dto.BidDto> P7CreateRestApi.Services.BidService::<GetAllAsync>b__3_0(System.Threading.Tasks.Task`1<System.Collections.Generic.IEnumerable`1<P7CreateRestApi.Domain.Bid>>)
FNDA:0,System.Collections.Generic.List`1<P7CreateRestApi.Dto.BidDto> P7CreateRestApi.Services.BidService::<GetAllAsync>b__3_0(System.Threading.Tasks.Task`1<System.Collections.Generic.IEnumerable`1<P7CreateRestApi.Domain.Bid>>)
DA:31,0
DA:32,0
DA:33,0
FN:21,System.Void P7CreateRestApi.Services.BidService::.ctor(P7CreateRestApi.Repositories.IRepository`1<P7CreateRestApi.Domain.Bid>,AutoMapper.IMapper)
FNDA:0,System.Void P7CreateRestApi.Services.BidService::.ctor(P7CreateRestApi.Repositories.IRepository`1<P7CreateRestApi.Domain.Bid>,AutoMapper.IMapper)
DA:22,0
DA:23,0
DA:24,0
DA:25,0
DA:26,0
FN:46,System.Void P7CreateRestApi.Services.BidService/<CreateAsync>d__5::MoveNext()
FNDA:0,System.Void P7CreateRestApi.Services.BidService/<CreateAsync>d__5::MoveNext()
DA:47,0
DA:48,0
DA:50,0
DA:52,0
DA:53,0
FN:72,System.Void P7CreateRestApi.Services.BidService/<DeleteAsync>d__7::MoveNext()
FNDA:0,System.Void P7CreateRestApi.Services.BidService/<DeleteAsync>d__7::MoveNext()
DA:73,0
DA:74,0
DA:75,0
DA:76,0
DA:77,0
DA:78,0
DA:79,0
DA:81,0
DA:82,0
BRDA:75,175,0,0
BRDA:75,175,1,0
FN:28,System.Void P7CreateRestApi.Services.BidService/<GetAllAsync>d__3::MoveNext()
FNDA:0,System.Void P7CreateRestApi.Services.BidService/<GetAllAsync>d__3::MoveNext()
DA:29,0
DA:30,0
DA:34,0
FN:36,System.Void P7CreateRestApi.Services.BidService/<GetByIdAsync>d__4::MoveNext()
FNDA:0,System.Void P7CreateRestApi.Services.BidService/<GetByIdAsync>d__4::MoveNext()
DA:37,0
DA:38,0
DA:40,0
DA:41,0
DA:43,0
DA:44,0
BRDA:40,164,0,0
BRDA:40,164,1,0
FN:55,System.Void P7CreateRestApi.Services.BidService/<UpdateAsync>d__6::MoveNext()
FNDA:0,System.Void P7CreateRestApi.Services.BidService/<UpdateAsync>d__6::MoveNext()
DA:56,0
DA:57,0
DA:58,0
DA:59,0
DA:60,0
DA:63,0
DA:65,0
DA:67,0
DA:69,0
DA:70,0
BRDA:58,175,0,0
BRDA:58,175,1,0
LF:41
LH:0
BRF:6
BRH:0
FNF:7
FNH:0
end_of_record
SF:C:\Users\julie\source\repos\Anjgg\Project_7\P7CreateRestApi\Services\CurvePointService.cs
FN:31,System.Collections.Generic.List`1<P7CreateRestApi.Dto.CurvePointDto> P7CreateRestApi.Services.CurvePointService::<GetAllAsync>b__3_0(System.Threading.Tasks.Task`1<System.Collections.Generic.IEnumerable`1<P7CreateRestApi.Domain.CurvePoint>>)
FNDA:0,System.Collections.Generic.List`1<P7CreateRestApi.Dto.CurvePointDto> P7CreateRestApi.Services.CurvePointService::<GetAllAsync>b__3_0(System.Threading.Tasks.Task`1<System.Collections.Generic.IEnumerable`1<P7CreateRestApi.Domain.CurvePoint>>)
DA:32,0
DA:33,0
DA:34,0
FN:22,System.Void P7CreateRestApi.Services.CurvePointService::.ctor(P7CreateRestApi.Repositories.IRepository`1<P7CreateRestApi.Domain.CurvePoint>,AutoMapper.IMapper)
FNDA:0,System.Void P7CreateRestApi.Services.CurvePointService::.ctor(P7CreateRestApi.Repositories.IRepository`1<P7CreateRestApi.Domain.CurvePoint>,AutoMapper.IMapper)
DA:23,0
DA:24,0
DA:25,0
DA:26,0
DA:27,0
FN:47,System.Void P7CreateRestApi.Services.CurvePointService/<CreateAsync>d__5::MoveNext()
FNDA:0,System.Void P7CreateRestApi.Services.CurvePointService/<CreateAsync>d__5::MoveNext()
DA:48,0
DA:49,0
DA:51,0
DA:53,0
DA:54,0
FN:73,System.Void P7CreateRestApi.Services.CurvePointService/<DeleteAsync>d__7::MoveNext()
FNDA:0,System.Void P7CreateRestApi.Services.CurvePointService/<DeleteAsync>d__7::MoveNext()
DA:74,0
DA:75,0
DA:76,0
DA:77,0
DA:78,0
DA:79,0
DA:80,0
DA:82,0
DA:83,0
BRDA:76,175,0,0
BRDA:76,175,1,0
FN:29,System.Void P7CreateRestApi.Services.CurvePointService/<GetAllAsync>d__3::MoveNext()
FNDA:0,System.Void P7CreateRestApi.Services.CurvePointService/<GetAllAsync>d__3::MoveNext()
DA:30,0
DA:31,0
DA:35,0
FN:37,System.Void P7CreateRestApi.Services.CurvePointService/<GetByIdAsync>d__4::MoveNext()
FNDA:0,System.Void P7CreateRestApi.Services.CurvePointService/<GetByIdAsync>d__4::MoveNext()
DA:38,0
DA:39,0
DA:41,0
DA:42,0
DA:44,0
DA:45,0
BRDA:41,164,0,0
BRDA:41,164,1,0
FN:56,System.Void P7CreateRestApi.Services.CurvePointService/<UpdateAsync>d__6::MoveNext()
FNDA:0,System.Void P7CreateRestApi.Services.CurvePointService/<UpdateAsync>d__6::MoveNext()
DA:57,0
DA:58,0
DA:59,0
DA:60,0
DA:61,0
DA:64,0
DA:66,0
DA:68,0
DA:70,0
DA:71,0
BRDA:59,175,0,0
BRDA:59,175,1,0
LF:41
LH:0
BRF:6
BRH:0
FNF:7
FNH:0
end_of_record
SF:C:\Users\julie\source\repos\Anjgg\Project_7\P7CreateRestApi\Services\RatingService.cs
FN:31,System.Collections.Generic.List`1<P7CreateRestApi.Dto.RatingDto> P7CreateRestApi.Services.RatingService::<GetAllAsync>b__3_0(System.Threading.Tasks.Task`1<System.Collections.Generic.IEnumerable`1<P7CreateRestApi.Domain.Rating>>)
FNDA:0,System.Collections.Generic.List`1<P7CreateRestApi.Dto.RatingDto> P7CreateRestApi.Services.RatingService::<GetAllAsync>b__3_0(System.Threading.Tasks.Task`1<System.Collections.Generic.IEnumerable`1<P7CreateRestApi.Domain.Rating>>)
DA:32,0
DA:33,0
DA:34,0
FN:22,System.Void P7CreateRestApi.Services.RatingService::.ctor(P7CreateRestApi.Repositories.IRepository`1<P7CreateRestApi.Domain.Rating>,AutoMapper.IMapper)
FNDA:0,System.Void P7CreateRestApi.Services.RatingService::.ctor(P7CreateRestApi.Repositories.IRepository`1<P7CreateRestApi.Domain.Rating>,AutoMapper.IMapper)
DA:23,0
DA:24,0
DA:25,0
DA:26,0
DA:27,0
FN:47,System.Void P7CreateRestApi.Services.RatingService/<CreateAsync>d__5::MoveNext()
FNDA:0,System.Void P7CreateRestApi.Services.RatingService/<CreateAsync>d__5::MoveNext()
DA:48,0
DA:49,0
DA:51,0
DA:53,0
DA:54,0
FN:73,System.Void P7CreateRestApi.Services.RatingService/<DeleteAsync>d__7::MoveNext()
FNDA:0,System.Void P7CreateRestApi.Services.RatingService/<DeleteAsync>d__7::MoveNext()
DA:74,0
DA:75,0
DA:76,0
DA:77,0
DA:78,0
DA:79,0
DA:80,0
DA:82,0
DA:83,0
BRDA:76,175,0,0
BRDA:76,175,1,0
FN:29,System.Void P7CreateRestApi.Services.RatingService/<GetAllAsync>d__3::MoveNext()
FNDA:0,System.Void P7CreateRestApi.Services.RatingService/<GetAllAsync>d__3::MoveNext()
DA:30,0
DA:31,0
DA:35,0
FN:37,System.Void P7CreateRestApi.Services.RatingService/<GetByIdAsync>d__4::MoveNext()
FNDA:0,System.Void P7CreateRestApi.Services.RatingService/<GetByIdAsync>d__4::MoveNext()
DA:38,0
DA:39,0
DA:41,0
DA:42,0
DA:44,0
DA:45,0
BRDA:41,164,0,0
BRDA:41,164,1,0
FN:56,System.Void P7CreateRestApi.Services.RatingService/<UpdateAsync>d__6::MoveNext()
FNDA:0,System.Void P7CreateRestApi.Services.RatingService/<UpdateAsync>d__6::MoveNext()
DA:57,0
DA:58,0
DA:59,0
DA:60,0
DA:61,0
DA:64,0
DA:66,0
DA:68,0
DA:70,0
DA:71,0
BRDA:59,175,0,0
BRDA:59,175,1,0
LF:41
LH:0
BRF:6
BRH:0
FNF:7
FNH:0
end_of_record
SF:C:\Users\julie\source\repos\Anjgg\Project_7\P7CreateRestApi\Services\RuleService.cs
FN:30,System.Collections.Generic.List`1<P7CreateRestApi.Dto.RuleDto> P7CreateRestApi.Services.RuleService::<GetAllAsync>b__3_0(System.Threading.Tasks.Task`1<System.Collections.Generic.IEnumerable`1<P7CreateRestApi.Domain.Rule>>)
FNDA:0,System.Collections.Generic.List`1<P7CreateRestApi.Dto.RuleDto> P7CreateRestApi.Services.RuleService::<GetAllAsync>b__3_0(System.Threading.Tasks.Task`1<System.Collections.Generic.IEnumerable`1<P7CreateRestApi.Domain.Rule>>)
DA:31,0
DA:32,0
DA:33,0
FN:21,System.Void P7CreateRestApi.Services.RuleService::.ctor(P7CreateRestApi.Repositories.IRepository`1<P7CreateRestApi.Domain.Rule>,AutoMapper.IMapper)
FNDA:0,System.Void P7CreateRestApi.Services.RuleService::.ctor(P7CreateRestApi.Repositories.IRepository`1<P7CreateRestApi.Domain.Rule>,AutoMapper.IMapper)
DA:22,0
DA:23,0
DA:24,0
DA:25,0
DA:26,0
FN:45,System.Void P7CreateRestApi.Services.RuleService/<CreateAsync>d__5::MoveNext()
FNDA:0,System.Void P7CreateRestApi.Services.RuleService/<CreateAsync>d__5::MoveNext()
DA:46,0
DA:47,0
DA:48,0
DA:49,0
DA:50,0
FN:65,System.Void P7CreateRestApi.Services.RuleService/<DeleteAsync>d__7::MoveNext()
FNDA:0,System.Void P7CreateRestApi.Services.RuleService/<DeleteAsync>d__7::MoveNext()
DA:66,0
DA:67,0
DA:68,0
DA:69,0
DA:70,0
DA:71,0
DA:72,0
DA:74,0
DA:75,0
BRDA:68,175,0,0
BRDA:68,175,1,0
FN:28,System.Void P7CreateRestApi.Services.RuleService/<GetAllAsync>d__3::MoveNext()
FNDA:0,System.Void P7CreateRestApi.Services.RuleService/<GetAllAsync>d__3::MoveNext()
DA:29,0
DA:30,0
DA:34,0
FN:36,System.Void P7CreateRestApi.Services.RuleService/<GetByIdAsync>d__4::MoveNext()
FNDA:0,System.Void P7CreateRestApi.Services.RuleService/<GetByIdAsync>d__4::MoveNext()
DA:37,0
DA:38,0
DA:39,0
DA:40,0
DA:42,0
DA:43,0
BRDA:39,164,0,0
BRDA:39,164,1,0
FN:52,System.Void P7CreateRestApi.Services.RuleService/<UpdateAsync>d__6::MoveNext()
FNDA:0,System.Void P7CreateRestApi.Services.RuleService/<UpdateAsync>d__6::MoveNext()
DA:53,0
DA:54,0
DA:55,0
DA:56,0
DA:57,0
DA:59,0
DA:60,0
DA:61,0
DA:62,0
DA:63,0
BRDA:55,175,0,0
BRDA:55,175,1,0
LF:41
LH:0
BRF:6
BRH:0
FNF:7
FNH:0
end_of_record
SF:C:\Users\julie\source\repos\Anjgg\Project_7\P7CreateRestApi\Services\TradeService.cs
FN:30,System.Collections.Generic.List`1<P7CreateRestApi.Dto.TradeDto> P7CreateRestApi.Services.TradeService::<GetAllAsync>b__3_0(System.Threading.Tasks.Task`1<System.Collections.Generic.IEnumerable`1<P7CreateRestApi.Domain.Trade>>)
FNDA:0,System.Collections.Generic.List`1<P7CreateRestApi.Dto.TradeDto> P7CreateRestApi.Services.TradeService::<GetAllAsync>b__3_0(System.Threading.Tasks.Task`1<System.Collections.Generic.IEnumerable`1<P7CreateRestApi.Domain.Trade>>)
DA:31,0
DA:32,0
DA:33,0
FN:21,System.Void P7CreateRestApi.Services.TradeService::.ctor(P7CreateRestApi.Repositories.IRepository`1<P7CreateRestApi.Domain.Trade>,AutoMapper.IMapper)
FNDA:0,System.Void P7CreateRestApi.Services.TradeService::.ctor(P7CreateRestApi.Repositories.IRepository`1<P7CreateRestApi.Domain.Trade>,AutoMapper.IMapper)
DA:22,0
DA:23,0
DA:24,0
DA:25,0
DA:26,0
FN:45,System.Void P7CreateRestApi.Services.TradeService/<CreateAsync>d__5::MoveNext()
FNDA:0,System.Void P7CreateRestApi.Services.TradeService/<CreateAsync>d__5::MoveNext()
DA:46,0
DA:47,0
DA:48,0
DA:49,0
DA:50,0
FN:65,System.Void P7CreateRestApi.Services.TradeService/<DeleteAsync>d__7::MoveNext()
FNDA:0,System.Void P7CreateRestApi.Services.TradeService/<DeleteAsync>d__7::MoveNext()
DA:66,0
DA:67,0
DA:68,0
DA:69,0
DA:70,0
DA:71,0
DA:72,0
DA:74,0
DA:75,0
BRDA:68,175,0,0
BRDA:68,175,1,0
FN:28,System.Void P7CreateRestApi.Services.TradeService/<GetAllAsync>d__3::MoveNext()
FNDA:0,System.Void P7CreateRestApi.Services.TradeService/<GetAllAsync>d__3::MoveNext()
DA:29,0
DA:30,0
DA:34,0
FN:36,System.Void P7CreateRestApi.Services.TradeService/<GetByIdAsync>d__4::MoveNext()
FNDA:0,System.Void P7CreateRestApi.Services.TradeService/<GetByIdAsync>d__4::MoveNext()
DA:37,0
DA:38,0
DA:39,0
DA:40,0
DA:42,0
DA:43,0
BRDA:39,164,0,0
BRDA:39,164,1,0
FN:52,System.Void P7CreateRestApi.Services.TradeService/<UpdateAsync>d__6::MoveNext()
FNDA:0,System.Void P7CreateRestApi.Services.TradeService/<UpdateAsync>d__6::MoveNext()
DA:53,0
DA:54,0
DA:55,0
DA:56,0
DA:57,0
DA:59,0
DA:60,0
DA:61,0
DA:62,0
DA:63,0
BRDA:55,175,0,0
BRDA:55,175,1,0
LF:41
LH:0
BRF:6
BRH:0
FNF:7
FNH:0
end_of_record
SF:C:\Users\julie\source\repos\Anjgg\Project_7\P7CreateRestApi\Services\UserService.cs
FN:64,System.Collections.Generic.List`1<P7CreateRestApi.Dto.UserDto> P7CreateRestApi.Services.UserService::GetAllUsers()
FNDA:0,System.Collections.Generic.List`1<P7CreateRestApi.Dto.UserDto> P7CreateRestApi.Services.UserService::GetAllUsers()
DA:65,0
DA:66,0
DA:67,0
DA:68,0
DA:69,0
DA:70,0
DA:71,0
DA:73,0
FN:20,System.Void P7CreateRestApi.Services.UserService::.ctor(Microsoft.AspNetCore.Identity.UserManager`1<P7CreateRestApi.Domain.User>,Microsoft.Extensions.Logging.ILogger`1<P7CreateRestApi.Services.UserService>)
FNDA:0,System.Void P7CreateRestApi.Services.UserService::.ctor(Microsoft.AspNetCore.Identity.UserManager`1<P7CreateRestApi.Domain.User>,Microsoft.Extensions.Logging.ILogger`1<P7CreateRestApi.Services.UserService>)
DA:21,0
DA:22,0
DA:23,0
DA:24,0
DA:25,0
FN:37,System.String P7CreateRestApi.Services.UserService/<>c::<CreateAsync>b__3_0(Microsoft.AspNetCore.Identity.IdentityError)
FNDA:0,System.String P7CreateRestApi.Services.UserService/<>c::<CreateAsync>b__3_0(Microsoft.AspNetCore.Identity.IdentityError)
DA:38,0
FN:55,System.String P7CreateRestApi.Services.UserService/<>c::<DeleteAsync>b__4_0(Microsoft.AspNetCore.Identity.IdentityError)
FNDA:0,System.String P7CreateRestApi.Services.UserService/<>c::<DeleteAsync>b__4_0(Microsoft.AspNetCore.Identity.IdentityError)
DA:56,0
FN:104,System.String P7CreateRestApi.Services.UserService/<>c::<UpdateAsync>b__7_0(Microsoft.AspNetCore.Identity.IdentityError)
FNDA:0,System.String P7CreateRestApi.Services.UserService/<>c::<UpdateAsync>b__7_0(Microsoft.AspNetCore.Identity.IdentityError)
DA:105,0
FN:27,System.Void P7CreateRestApi.Services.UserService/<CreateAsync>d__3::MoveNext()
FNDA:0,System.Void P7CreateRestApi.Services.UserService/<CreateAsync>d__3::MoveNext()
DA:28,0
DA:29,0
DA:30,0
DA:31,0
DA:32,0
DA:33,0
DA:35,0
DA:36,0
DA:37,0
DA:39,0
DA:41,0
DA:42,0
DA:43,0
DA:45,0
DA:46,0
BRDA:36,255,0,0
BRDA:36,255,1,0
BRDA:41,351,0,0
BRDA:41,351,1,0
BRDA:42,515,0,0
BRDA:42,515,1,0
FN:48,System.Void P7CreateRestApi.Services.UserService/<DeleteAsync>d__4::MoveNext()
FNDA:0,System.Void P7CreateRestApi.Services.UserService/<DeleteAsync>d__4::MoveNext()
DA:49,0
DA:50,0
DA:51,0
DA:52,0
DA:53,0
DA:54,0
DA:55,0
DA:57,0
DA:59,0
DA:61,0
DA:62,0
BRDA:51,175,0,0
BRDA:54,338,0,0
BRDA:54,338,1,0
BRDA:51,175,1,0
FN:75,System.Void P7CreateRestApi.Services.UserService/<GetByIdAsync>d__6::MoveNext()
FNDA:0,System.Void P7CreateRestApi.Services.UserService/<GetByIdAsync>d__6::MoveNext()
DA:76,0
DA:77,0
DA:79,0
DA:80,0
DA:82,0
DA:84,0
BRDA:79,175,0,0
BRDA:79,175,1,0
BRDA:82,209,0,0
BRDA:82,209,1,0
FN:86,System.Void P7CreateRestApi.Services.UserService/<UpdateAsync>d__7::MoveNext()
FNDA:0,System.Void P7CreateRestApi.Services.UserService/<UpdateAsync>d__7::MoveNext()
DA:87,0
DA:88,0
DA:89,0
DA:90,0
DA:91,0
DA:93,0
DA:94,0
DA:95,0
DA:96,0
DA:97,0
DA:99,0
DA:100,0
DA:101,0
DA:102,0
DA:103,0
DA:104,0
DA:106,0
DA:108,0
DA:109,0
DA:110,0
DA:111,0
DA:112,0
DA:113,0
DA:114,0
DA:115,0
DA:116,0
DA:117,0
DA:118,0
DA:119,0
BRDA:89,216,0,0
BRDA:89,216,1,0
BRDA:93,271,0,0
BRDA:93,271,1,0
BRDA:99,344,0,0
BRDA:103,663,0,0
BRDA:103,663,1,0
BRDA:99,344,1,0
BRDA:110,912,0,0
BRDA:110,912,1,0
BRDA:110,946,0,0
BRDA:112,970,0,0
BRDA:112,970,1,0
BRDA:110,946,1,0
LF:77
LH:0
BRF:28
BRH:0
FNF:9
FNH:0
end_of_record
SF:C:\Users\julie\source\repos\Anjgg\Project_7\P7CreateRestApi\Controllers\AuthentificationController.cs
FN:17,System.Void P7CreateRestApi.Controllers.AuthentificationController::.ctor(P7CreateRestApi.Services.IAuthenticationService,Microsoft.AspNetCore.Identity.UserManager`1<P7CreateRestApi.Domain.User>,Microsoft.AspNetCore.Identity.SignInManager`1<P7CreateRestApi.Domain.User>)
FNDA:0,System.Void P7CreateRestApi.Controllers.AuthentificationController::.ctor(P7CreateRestApi.Services.IAuthenticationService,Microsoft.AspNetCore.Identity.UserManager`1<P7CreateRestApi.Domain.User>,Microsoft.AspNetCore.Identity.SignInManager`1<P7CreateRestApi.Domain.User>)
DA:18,0
DA:19,0
DA:20,0
DA:21,0
DA:22,0
DA:23,0
FN:26,System.Void P7CreateRestApi.Controllers.AuthentificationController/<Login>d__4::MoveNext()
FNDA:0,System.Void P7CreateRestApi.Controllers.AuthentificationController/<Login>d__4::MoveNext()
DA:27,0
DA:28,0
DA:29,0
DA:30,0
DA:32,0
DA:33,0
DA:34,0
DA:36,0
DA:37,0
DA:39,0
DA:40,0
BRDA:29,194,0,0
BRDA:29,194,1,0
BRDA:33,387,0,0
BRDA:33,387,1,0
LF:17
LH:0
BRF:4
BRH:0
FNF:2
FNH:0
end_of_record
SF:C:\Users\julie\source\repos\Anjgg\Project_7\P7CreateRestApi\Controllers\BidController.cs
FN:18,System.Void P7CreateRestApi.Controllers.BidController::.ctor(P7CreateRestApi.Services.IBidService)
FNDA:9,System.Void P7CreateRestApi.Controllers.BidController::.ctor(P7CreateRestApi.Services.IBidService)
DA:19,9
DA:20,9
DA:21,9
DA:22,9
FN:51,System.Void P7CreateRestApi.Controllers.BidController/<CreateBid>d__4::MoveNext()
FNDA:1,System.Void P7CreateRestApi.Controllers.BidController/<CreateBid>d__4::MoveNext()
DA:52,1
DA:53,1
DA:55,1
DA:56,1
FN:72,System.Void P7CreateRestApi.Controllers.BidController/<DeleteBid>d__6::MoveNext()
FNDA:2,System.Void P7CreateRestApi.Controllers.BidController/<DeleteBid>d__6::MoveNext()
DA:73,2
DA:74,2
DA:76,2
DA:77,1
DA:79,1
DA:80,2
BRDA:76,157,0,1
BRDA:76,157,1,1
FN:39,System.Void P7CreateRestApi.Controllers.BidController/<GetBid>d__3::MoveNext()
FNDA:2,System.Void P7CreateRestApi.Controllers.BidController/<GetBid>d__3::MoveNext()
DA:40,2
DA:41,2
DA:43,2
DA:44,1
DA:46,1
DA:47,2
BRDA:43,164,0,1
BRDA:43,164,1,1
FN:26,System.Void P7CreateRestApi.Controllers.BidController/<ListAllBids>d__2::MoveNext()
FNDA:2,System.Void P7CreateRestApi.Controllers.BidController/<ListAllBids>d__2::MoveNext()
DA:27,2
DA:28,2
DA:30,2
DA:31,1
DA:33,1
DA:34,2
BRDA:30,158,0,1
BRDA:30,158,1,1
FN:60,System.Void P7CreateRestApi.Controllers.BidController/<UpdateBid>d__5::MoveNext()
FNDA:2,System.Void P7CreateRestApi.Controllers.BidController/<UpdateBid>d__5::MoveNext()
DA:61,2
DA:62,2
DA:64,2
DA:65,1
DA:67,1
DA:68,2
BRDA:64,170,0,1
BRDA:64,170,1,1
LF:32
LH:32
BRF:8
BRH:8
FNF:6
FNH:6
end_of_record
SF:C:\Users\julie\source\repos\Anjgg\Project_7\P7CreateRestApi\Controllers\CurvePointController.cs
FN:17,System.Void P7CreateRestApi.Controllers.CurvePointController::.ctor(P7CreateRestApi.Services.ICurvePointService)
FNDA:9,System.Void P7CreateRestApi.Controllers.CurvePointController::.ctor(P7CreateRestApi.Services.ICurvePointService)
DA:18,9
DA:19,9
DA:20,9
DA:21,9
FN:48,System.Void P7CreateRestApi.Controllers.CurvePointController/<CreateCurvePoint>d__4::MoveNext()
FNDA:1,System.Void P7CreateRestApi.Controllers.CurvePointController/<CreateCurvePoint>d__4::MoveNext()
DA:49,1
DA:50,1
DA:52,1
DA:53,1
FN:69,System.Void P7CreateRestApi.Controllers.CurvePointController/<DeleteCurvePoint>d__6::MoveNext()
FNDA:2,System.Void P7CreateRestApi.Controllers.CurvePointController/<DeleteCurvePoint>d__6::MoveNext()
DA:70,2
DA:71,2
DA:72,2
DA:73,1
DA:75,1
DA:76,2
BRDA:72,157,0,1
BRDA:72,157,1,1
FN:36,System.Void P7CreateRestApi.Controllers.CurvePointController/<GetCurvePoint>d__3::MoveNext()
FNDA:2,System.Void P7CreateRestApi.Controllers.CurvePointController/<GetCurvePoint>d__3::MoveNext()
DA:37,2
DA:38,2
DA:40,2
DA:41,1
DA:43,1
DA:44,2
BRDA:40,164,0,1
BRDA:40,164,1,1
FN:25,System.Void P7CreateRestApi.Controllers.CurvePointController/<ListAllCurvePoint>d__2::MoveNext()
FNDA:2,System.Void P7CreateRestApi.Controllers.CurvePointController/<ListAllCurvePoint>d__2::MoveNext()
DA:26,2
DA:27,2
DA:28,2
DA:29,1
DA:31,1
DA:32,2
BRDA:28,158,0,1
BRDA:28,158,1,1
FN:57,System.Void P7CreateRestApi.Controllers.CurvePointController/<UpdateCurvePoint>d__5::MoveNext()
FNDA:2,System.Void P7CreateRestApi.Controllers.CurvePointController/<UpdateCurvePoint>d__5::MoveNext()
DA:58,2
DA:59,2
DA:61,2
DA:62,1
DA:64,1
DA:65,2
BRDA:61,170,0,1
BRDA:61,170,1,1
LF:32
LH:32
BRF:8
BRH:8
FNF:6
FNH:6
end_of_record
SF:C:\Users\julie\source\repos\Anjgg\Project_7\P7CreateRestApi\Controllers\RatingController.cs
FN:15,System.Void P7CreateRestApi.Controllers.RatingController::.ctor(P7CreateRestApi.Services.IRatingService)
FNDA:9,System.Void P7CreateRestApi.Controllers.RatingController::.ctor(P7CreateRestApi.Services.IRatingService)
DA:16,9
DA:17,9
DA:18,9
DA:19,9
FN:46,System.Void P7CreateRestApi.Controllers.RatingController/<CreateRating>d__4::MoveNext()
FNDA:1,System.Void P7CreateRestApi.Controllers.RatingController/<CreateRating>d__4::MoveNext()
DA:47,1
DA:48,1
DA:50,1
DA:51,1
FN:67,System.Void P7CreateRestApi.Controllers.RatingController/<DeleteRating>d__6::MoveNext()
FNDA:2,System.Void P7CreateRestApi.Controllers.RatingController/<DeleteRating>d__6::MoveNext()
DA:68,2
DA:69,2
DA:70,2
DA:71,1
DA:73,1
DA:74,2
BRDA:70,157,0,1
BRDA:70,157,1,1
FN:34,System.Void P7CreateRestApi.Controllers.RatingController/<GetRating>d__3::MoveNext()
FNDA:2,System.Void P7CreateRestApi.Controllers.RatingController/<GetRating>d__3::MoveNext()
DA:35,2
DA:36,2
DA:38,2
DA:39,1
DA:41,1
DA:42,2
BRDA:38,164,0,1
BRDA:38,164,1,1
FN:23,System.Void P7CreateRestApi.Controllers.RatingController/<ListAllRating>d__2::MoveNext()
FNDA:2,System.Void P7CreateRestApi.Controllers.RatingController/<ListAllRating>d__2::MoveNext()
DA:24,2
DA:25,2
DA:26,2
DA:27,1
DA:29,1
DA:30,2
BRDA:26,158,0,1
BRDA:26,158,1,1
FN:55,System.Void P7CreateRestApi.Controllers.RatingController/<UpdateRating>d__5::MoveNext()
FNDA:2,System.Void P7CreateRestApi.Controllers.RatingController/<UpdateRating>d__5::MoveNext()
DA:56,2
DA:57,2
DA:59,2
DA:60,1
DA:62,1
DA:63,2
BRDA:59,170,0,1
BRDA:59,170,1,1
LF:32
LH:32
BRF:8
BRH:8
FNF:6
FNH:6
end_of_record
SF:C:\Users\julie\source\repos\Anjgg\Project_7\P7CreateRestApi\Controllers\RuleController.cs
FN:15,System.Void P7CreateRestApi.Controllers.RuleController::.ctor(P7CreateRestApi.Services.IRuleService)
FNDA:9,System.Void P7CreateRestApi.Controllers.RuleController::.ctor(P7CreateRestApi.Services.IRuleService)
DA:16,9
DA:17,9
DA:18,9
DA:19,9
FN:45,System.Void P7CreateRestApi.Controllers.RuleController/<CreateRule>d__4::MoveNext()
FNDA:1,System.Void P7CreateRestApi.Controllers.RuleController/<CreateRule>d__4::MoveNext()
DA:46,1
DA:47,1
DA:48,1
DA:49,1
FN:65,System.Void P7CreateRestApi.Controllers.RuleController/<DeleteRule>d__6::MoveNext()
FNDA:2,System.Void P7CreateRestApi.Controllers.RuleController/<DeleteRule>d__6::MoveNext()
DA:66,2
DA:67,2
DA:68,2
DA:69,1
DA:71,1
DA:72,2
BRDA:68,154,0,1
BRDA:68,154,1,1
FN:34,System.Void P7CreateRestApi.Controllers.RuleController/<GetRule>d__3::MoveNext()
FNDA:2,System.Void P7CreateRestApi.Controllers.RuleController/<GetRule>d__3::MoveNext()
DA:35,2
DA:36,2
DA:37,2
DA:38,1
DA:40,1
DA:41,2
BRDA:37,164,0,1
BRDA:37,164,1,1
FN:23,System.Void P7CreateRestApi.Controllers.RuleController/<ListAllRules>d__2::MoveNext()
FNDA:2,System.Void P7CreateRestApi.Controllers.RuleController/<ListAllRules>d__2::MoveNext()
DA:24,2
DA:25,2
DA:26,2
DA:27,1
DA:29,1
DA:30,2
BRDA:26,158,0,1
BRDA:26,158,1,1
FN:53,System.Void P7CreateRestApi.Controllers.RuleController/<UpdateRule>d__5::MoveNext()
FNDA:2,System.Void P7CreateRestApi.Controllers.RuleController/<UpdateRule>d__5::MoveNext()
DA:54,2
DA:55,2
DA:57,2
DA:58,1
DA:60,1
DA:61,2
BRDA:57,170,0,1
BRDA:57,170,1,1
LF:32
LH:32
BRF:8
BRH:8
FNF:6
FNH:6
end_of_record
SF:C:\Users\julie\source\repos\Anjgg\Project_7\P7CreateRestApi\Controllers\TradeController.cs
FN:15,System.Void P7CreateRestApi.Controllers.TradeController::.ctor(P7CreateRestApi.Services.ITradeService)
FNDA:9,System.Void P7CreateRestApi.Controllers.TradeController::.ctor(P7CreateRestApi.Services.ITradeService)
DA:16,9
DA:17,9
DA:18,9
DA:19,9
FN:45,System.Void P7CreateRestApi.Controllers.TradeController/<CreateTrade>d__4::MoveNext()
FNDA:1,System.Void P7CreateRestApi.Controllers.TradeController/<CreateTrade>d__4::MoveNext()
DA:46,1
DA:47,1
DA:48,1
DA:49,1
FN:65,System.Void P7CreateRestApi.Controllers.TradeController/<DeleteTrade>d__6::MoveNext()
FNDA:2,System.Void P7CreateRestApi.Controllers.TradeController/<DeleteTrade>d__6::MoveNext()
DA:66,2
DA:67,2
DA:68,2
DA:69,1
DA:71,1
DA:72,2
BRDA:68,157,0,1
BRDA:68,157,1,1
FN:34,System.Void P7CreateRestApi.Controllers.TradeController/<GetTrade>d__3::MoveNext()
FNDA:2,System.Void P7CreateRestApi.Controllers.TradeController/<GetTrade>d__3::MoveNext()
DA:35,2
DA:36,2
DA:37,2
DA:38,1
DA:40,1
DA:41,2
BRDA:37,164,0,1
BRDA:37,164,1,1
FN:23,System.Void P7CreateRestApi.Controllers.TradeController/<ListAllTrades>d__2::MoveNext()
FNDA:2,System.Void P7CreateRestApi.Controllers.TradeController/<ListAllTrades>d__2::MoveNext()
DA:24,2
DA:25,2
DA:26,2
DA:27,1
DA:29,1
DA:30,2
BRDA:26,158,0,1
BRDA:26,158,1,1
FN:53,System.Void P7CreateRestApi.Controllers.TradeController/<UpdateTrade>d__5::MoveNext()
FNDA:2,System.Void P7CreateRestApi.Controllers.TradeController/<UpdateTrade>d__5::MoveNext()
DA:54,2
DA:55,2
DA:57,2
DA:58,1
DA:60,1
DA:61,2
BRDA:57,170,0,1
BRDA:57,170,1,1
LF:32
LH:32
BRF:8
BRH:8
FNF:6
FNH:6
end_of_record
SF:C:\Users\julie\source\repos\Anjgg\Project_7\P7CreateRestApi\Controllers\UserController.cs
FN:25,Microsoft.AspNetCore.Mvc.IActionResult P7CreateRestApi.Controllers.UserController::ListAllUsers()
FNDA:0,Microsoft.AspNetCore.Mvc.IActionResult P7CreateRestApi.Controllers.UserController::ListAllUsers()
DA:26,0
DA:27,0
DA:28,0
DA:29,0
DA:31,0
DA:32,0
BRDA:28,19,0,0
BRDA:28,19,1,0
FN:17,System.Void P7CreateRestApi.Controllers.UserController::.ctor(P7CreateRestApi.Services.IUserService)
FNDA:0,System.Void P7CreateRestApi.Controllers.UserController::.ctor(P7CreateRestApi.Services.IUserService)
DA:18,0
DA:19,0
DA:20,0
DA:21,0
FN:49,System.Void P7CreateRestApi.Controllers.UserController/<CreateUser>d__4::MoveNext()
FNDA:0,System.Void P7CreateRestApi.Controllers.UserController/<CreateUser>d__4::MoveNext()
DA:50,0
DA:51,0
DA:52,0
DA:53,0
DA:55,0
DA:57,0
BRDA:52,212,0,0
BRDA:52,212,1,0
FN:76,System.Void P7CreateRestApi.Controllers.UserController/<DeleteUser>d__6::MoveNext()
FNDA:0,System.Void P7CreateRestApi.Controllers.UserController/<DeleteUser>d__6::MoveNext()
DA:77,0
DA:78,0
DA:79,0
DA:80,0
DA:81,0
DA:82,0
DA:84,0
DA:85,0
BRDA:79,212,0,0
BRDA:79,212,1,0
BRDA:81,248,0,0
BRDA:81,248,1,0
FN:37,System.Void P7CreateRestApi.Controllers.UserController/<GetUser>d__3::MoveNext()
FNDA:0,System.Void P7CreateRestApi.Controllers.UserController/<GetUser>d__3::MoveNext()
DA:38,0
DA:39,0
DA:41,0
DA:42,0
DA:44,0
DA:45,0
BRDA:41,167,0,0
BRDA:41,167,1,0
FN:61,System.Void P7CreateRestApi.Controllers.UserController/<UpdateUser>d__5::MoveNext()
FNDA:0,System.Void P7CreateRestApi.Controllers.UserController/<UpdateUser>d__5::MoveNext()
DA:62,0
DA:63,0
DA:65,0
DA:66,0
DA:67,0
DA:68,0
DA:70,0
DA:72,0
BRDA:65,218,0,0
BRDA:65,218,1,0
BRDA:67,254,0,0
BRDA:67,254,1,0
LF:38
LH:0
BRF:14
BRH:0
FNF:6
FNH:0
end_of_record